This is e-pTeX, Version 3.14159265-p3.7.1-161114-2.6 (utf8.sjis) (TeX Live 2017/W32TeX) (preloaded format=platex 2017.5.6)  28 APR 2018 22:06
entering extended mode
 restricted \write18 enabled.
 %&-line parsing enabled.
**./experiment-section2.tex
(./experiment-section2.tex
pLaTeX2e <2017/05/05> (based on LaTeX2e <2017-04-15>)
Babel <3.9t> and hyphenation patterns for 83 language(s) loaded.
(c:/w32tex/share/texmf-dist/tex/platex/base/jarticle.cls
Document Class: jarticle 2017/03/05 v1.7e Standard pLaTeX class
\c@@paper=\count82
(c:/w32tex/share/texmf-dist/tex/platex/base/jsize10.clo
File: jsize10.clo 2017/03/05 v1.7e Standard pLaTeX file (size option)
)
\c@part=\count83
\c@section=\count84
\c@subsection=\count85
\c@subsubsection=\count86
\c@paragraph=\count87
\c@subparagraph=\count88
\c@figure=\count89
\c@table=\count90
\abovecaptionskip=\skip41
\belowcaptionskip=\skip42
\symmincho=\mathgroup4
LaTeX Font Info:    Overwriting symbol font `mincho' in version `bold'
(Font)                  JY1/mc/m/n --> JY1/gt/m/n on input line 613.
\toclineskip=\dimen118
\@lnumwidth=\dimen119
\bibindent=\dimen120
\heisei=\count91
)
(c:/w32tex/share/texmf-dist/tex/latex/geometry/geometry.sty
Package: geometry 2010/09/12 v5.6 Page Geometry

(c:/w32tex/share/texmf-dist/tex/latex/graphics/keyval.sty
Package: keyval 2014/10/28 v1.15 key=value parser (DPC)
\KV@toks@=\toks15
)
(c:/w32tex/share/texmf-dist/tex/generic/oberdiek/ifpdf.sty
Package: ifpdf 2017/03/15 v3.2 Provides the ifpdf switch
)
(c:/w32tex/share/texmf-dist/tex/generic/oberdiek/ifvtex.sty
Package: ifvtex 2016/05/16 v1.6 Detect VTeX and its facilities (HO)
Package ifvtex Info: VTeX not detected.
)
(c:/w32tex/share/texmf-dist/tex/generic/ifxetex/ifxetex.sty
Package: ifxetex 2010/09/12 v0.6 Provides ifxetex conditional
)
\Gm@cnth=\count92
\Gm@cntv=\count93
\c@Gm@tempcnt=\count94
\Gm@bindingoffset=\dimen121
\Gm@wd@mp=\dimen122
\Gm@odd@mp=\dimen123
\Gm@even@mp=\dimen124
\Gm@layoutwidth=\dimen125
\Gm@layoutheight=\dimen126
\Gm@layouthoffset=\dimen127
\Gm@layoutvoffset=\dimen128
\Gm@dimlist=\toks16

(c:/w32tex/share/texmf-dist/tex/latex/geometry/geometry.cfg))
(c:/w32tex/share/texmf-dist/tex/latex/graphics/graphicx.sty
Package: graphicx 2014/10/28 v1.0g Enhanced LaTeX Graphics (DPC,SPQR)

(c:/w32tex/share/texmf-dist/tex/latex/graphics/graphics.sty
Package: graphics 2017/04/14 v1.1b Standard LaTeX Graphics (DPC,SPQR)

(c:/w32tex/share/texmf-dist/tex/latex/graphics/trig.sty
Package: trig 2016/01/03 v1.10 sin cos tan (DPC)
)
(c:/w32tex/share/texmf-dist/tex/latex/graphics-cfg/graphics.cfg
File: graphics.cfg 2016/06/04 v1.11 sample graphics configuration
)
Package graphics Info: Driver file: dvipdfmx.def on input line 99.

(c:/w32tex/share/texmf-dist/tex/latex/graphics-def/dvipdfmx.def
File: dvipdfmx.def 2016/07/11 v4.12 LaTeX color/graphics driver for dvipdfmx (L
3/ChoF)
))
\Gin@req@height=\dimen129
\Gin@req@width=\dimen130
)
(c:/w32tex/share/texmf-dist/tex/latex/wrapfig/wrapfig.sty
\wrapoverhang=\dimen131
\WF@size=\dimen132
\c@WF@wrappedlines=\count95
\WF@box=\box42
\WF@everypar=\toks17
Package: wrapfig 2003/01/31  v 3.6
)
(c:/w32tex/share/texmf-dist/tex/latex/here/here.sty)
(c:/w32tex/share/texmf-dist/tex/latex/float/float.sty
Package: float 2001/11/08 v1.3d Float enhancements (AL)
\c@float@type=\count96
\float@exts=\toks18
\float@box=\box43
\@float@everytoks=\toks19
\@floatcapt=\box44
)
(c:/w32tex/share/texmf-dist/tex/latex/url/url.sty
\Urlmuskip=\muskip10
Package: url 2013/09/16  ver 3.4  Verb mode for urls, etc.
) (./experiment-section2.aux

LaTeX Warning: Label `eq etbV' multiply defined.

)
\openout1 = `experiment-section2.aux'.

LaTeX Font Info:    Checking defaults for OML/cmm/m/it on input line 9.
LaTeX Font Info:    ... okay on input line 9.
LaTeX Font Info:    Checking defaults for T1/cmr/m/n on input line 9.
LaTeX Font Info:    ... okay on input line 9.
LaTeX Font Info:    Checking defaults for OT1/cmr/m/n on input line 9.
LaTeX Font Info:    ... okay on input line 9.
LaTeX Font Info:    Checking defaults for OMS/cmsy/m/n on input line 9.
LaTeX Font Info:    ... okay on input line 9.
LaTeX Font Info:    Checking defaults for OMX/cmex/m/n on input line 9.
LaTeX Font Info:    ... okay on input line 9.
LaTeX Font Info:    Checking defaults for U/cmr/m/n on input line 9.
LaTeX Font Info:    ... okay on input line 9.
LaTeX Font Info:    Checking defaults for JY1/mc/m/n on input line 9.
LaTeX Font Info:    ... okay on input line 9.
LaTeX Font Info:    Checking defaults for JT1/mc/m/n on input line 9.
LaTeX Font Info:    ... okay on input line 9.

*geometry* driver: auto-detecting
*geometry* detected driver: dvips
*geometry* verbose mode - [ preamble ] result:
* driver: dvips
* paper: <default>
* layout: <same size as paper>
* layoutoffset:(h,v)=(0.0pt,0.0pt)
* modes: 
* h-part:(L,W,R)=(85.35826pt, 426.79135pt, 85.35826pt)
* v-part:(T,H,B)=(85.35826pt, 674.33032pt, 85.35826pt)
* \paperwidth=597.50787pt
* \paperheight=845.04684pt
* \textwidth=426.79135pt
* \textheight=674.33032pt
* \oddsidemargin=13.08827pt
* \evensidemargin=13.08827pt
* \topmargin=-23.91173pt
* \headheight=12.0pt
* \headsep=25.0pt
* \topskip=7.77588pt
* \footskip=30.0pt
* \marginparwidth=106.0pt
* \marginparsep=10.0pt
* \columnsep=10.0pt
* \skip\footins=9.0pt plus 4.0pt minus 2.0pt
* \hoffset=0.0pt
* \voffset=0.0pt
* \mag=1000
* \@twocolumnfalse
* \@twosidefalse
* \@mparswitchfalse
* \@reversemarginfalse
* (1in=72.27pt=25.4mm, 1cm=28.453pt)

LaTeX Font Info:    Font shape `JT1/mc/bx/n' in size <14.4> not available
(Font)              Font shape `JT1/gt/m/n' tried instead on input line 10.
LaTeX Font Info:    Font shape `JY1/mc/bx/n' in size <14.4> not available
(Font)              Font shape `JY1/gt/m/n' tried instead on input line 10.
LaTeX Font Info:    Font shape `JT1/mc/bx/n' in size <12> not available
(Font)              Font shape `JT1/gt/m/n' tried instead on input line 11.
LaTeX Font Info:    Font shape `JY1/mc/bx/n' in size <12> not available
(Font)              Font shape `JY1/gt/m/n' tried instead on input line 11.
LaTeX Font Info:    External font `cmex10' loaded for size
(Font)              <7> on input line 15.
LaTeX Font Info:    External font `cmex10' loaded for size
(Font)              <5> on input line 15.
File: ex1block.png Graphic file (type bmp)
<ex1block.png> [1

]
LaTeX Font Info:    Font shape `JT1/mc/bx/n' in size <10> not available
(Font)              Font shape `JT1/gt/m/n' tried instead on input line 61.
LaTeX Font Info:    Font shape `JY1/mc/bx/n' in size <10> not available
(Font)              Font shape `JY1/gt/m/n' tried instead on input line 61.
File: ex1-1circuit.png Graphic file (type bmp)
 <ex1-1circuit.png>
File: ex1-2circuit.png Graphic file (type bmp)
 <ex1-2circuit.png> [2]
File: homework2-1circuit.png Graphic file (type bmp)

<homework2-1circuit.png>
LaTeX Font Info:    Try loading font information for OMS+cmr on input line 108.

 (c:/w32tex/share/texmf-dist/tex/latex/base/omscmr.fd
File: omscmr.fd 2014/09/29 v2.5h Standard LaTeX font definitions
)
LaTeX Font Info:    Font shape `OMS/cmr/m/n' in size <10> not available
(Font)              Font shape `OMS/cmsy/m/n' tried instead on input line 108.

[3]
File: ex1-1gain.png Graphic file (type bmp)
 <ex1-1gain.png>
File: ex1-2gain.png Graphic file (type bmp)
 <ex1-2gain.png>
Overfull \hbox (2.22221pt too wide) in paragraph at lines 126--140
[][]$[]$[] []$[]$[] 
 []

File: ex1-1phase.png Graphic file (type bmp)
<ex1-1phase.png>
File: ex1-2phase.png Graphic file (type bmp)
 <ex1-2phase.png>
Overfull \hbox (2.22221pt too wide) in paragraph at lines 143--157
[][]$[]$[] []$[]$[] 
 []

[4]
File: pro2-3boad.png Graphic file (type bmp)
 <pro2-3boad.png>
Underfull \hbox (badness 10000) in paragraph at lines 193--201
[]
 []

File: homework2-2gain.png Graphic file (type bmp)
<homework2-2gain.png> [5]
File: homework2-2phase.png Graphic file (type bmp)
 <homework2-2phase.png> [6]
File: homework2-2gainex.png Graphic file (type bmp)
 <homework2-2gainex.png>
File: homework2-2phaseex.png Graphic file (type bmp)

<homework2-2phaseex.png> [7]
File: ex2circuita.png Graphic file (type bmp)
 <ex2circuita.png>
File: ex2circuitb.png Graphic file (type bmp)
 <ex2circuitb.png>
Overfull \hbox (2.2222pt too wide) in paragraph at lines 261--275
[][]$[]$[] []$[]$[] 
 []

[8]
File: ex2circuit.png Graphic file (type bmp)
 <ex2circuit.png> [9]
File: ex2gainapre.png Graphic file (type bmp)
 <ex2gainapre.png>
File: ex2gainbpre.png Graphic file (type bmp)
 <ex2gainbpre.png>
Overfull \hbox (2.22221pt too wide) in paragraph at lines 356--370
[][]$[]$[] []$[]$[] 
 []

File: ex2phaseapre.png Graphic file (type bmp)
<ex2phaseapre.png>
File: ex2phasebpre.png Graphic file (type bmp)
 <ex2phasebpre.png>
Overfull \hbox (2.22221pt too wide) in paragraph at lines 373--387
[][]$[]$[] []$[]$[] 
 []

[10] [11]
File: ex2gaina.png Graphic file (type bmp)
 <ex2gaina.png>
File: ex2gainb.png Graphic file (type bmp)
 <ex2gainb.png>
Overfull \hbox (2.22221pt too wide) in paragraph at lines 488--502
[][]$[]$[] []$[]$[] 
 []

[12]
File: ex2phasea.png Graphic file (type bmp)
 <ex2phasea.png>
File: ex2phaseb.png Graphic file (type bmp)
 <ex2phaseb.png>
Overfull \hbox (2.22221pt too wide) in paragraph at lines 505--519
[][]$[]$[] []$[]$[] 
 []

[13] [14]
File: ex3-1circuit.jpg Graphic file (type bmp)
 <ex3-1circuit.jpg>
File: ex3-2circuit.jpg Graphic file (type bmp)
 <ex3-2circuit.jpg> [15] [16]
File: ex3-1avin.jpg Graphic file (type bmp)
 <ex3-1avin.jpg>
Overfull \hbox (17.06879pt too wide) in paragraph at lines 701--702
 [] 
 []


Underfull \hbox (badness 10000) in paragraph at lines 707--708
[]
 []


Underfull \hbox (badness 10000) in paragraph at lines 707--708

 []

File: ex3-1avout.jpg Graphic file (type bmp)
<ex3-1avout.jpg>
Overfull \hbox (17.06879pt too wide) in paragraph at lines 711--712
 [] 
 []

[17]
File: ex3-1bvin.jpg Graphic file (type bmp)
 <ex3-1bvin.jpg>
Overfull \hbox (17.06879pt too wide) in paragraph at lines 721--722
 [] 
 []


Underfull \hbox (badness 10000) in paragraph at lines 727--728
[]
 []


Underfull \hbox (badness 10000) in paragraph at lines 727--728

 []

File: ex3-1bvout.jpg Graphic file (type bmp)
<ex3-1bvout.jpg>
Overfull \hbox (17.06638pt too wide) in paragraph at lines 731--732
 [] 
 []

File: ex3-2bvin.jpg Graphic file (type bmp)
<ex3-2bvin.jpg>
Overfull \hbox (17.06879pt too wide) in paragraph at lines 743--744
 [] 
 []


Underfull \hbox (badness 10000) in paragraph at lines 749--750
[]
 []


Underfull \hbox (badness 10000) in paragraph at lines 749--750

 []

File: ex3-2bvout.jpg Graphic file (type bmp)
<ex3-2bvout.jpg>
Overfull \hbox (17.06879pt too wide) in paragraph at lines 753--754
 [] 
 []

[18] [19] [20] [21] [22] [23] (./experiment-section2.aux)

LaTeX Warning: There were multiply-defined labels.

 ) 
Here is how much of TeX's memory you used:
 1581 strings out of 493661
 22315 string characters out of 6151143
 96504 words of memory out of 5000000
 5122 multiletter control sequences out of 15000+600000
 9955 words of font info for 40 fonts, out of 8000000 for 9000
 929 hyphenation exceptions out of 8191
 25i,10n,21p,854b,392s stack positions out of 5000i,500n,10000p,500000b,80000s

Output written on experiment-section2.dvi (23 pages, 93372 bytes).
